0 info it worked if it ends with ok
1 verbose cli [ '/usr/bin/node', '/usr/bin/npm', 'run', 'start' ]
2 info using npm@3.5.2
3 info using node@v8.10.0
4 verbose run-script [ 'prestart', 'start', 'poststart' ]
5 info lifecycle @~prestart: @
6 verbose lifecycle @~prestart: unsafe-perm in lifecycle true
7 verbose lifecycle @~prestart: PATH: /usr/share/npm/bin/node-gyp-bin:/app/node_modules/.bin:/usr/local/sbin:/usr/local/bin:/usr/sbin:/usr/bin:/sbin:/bin
8 verbose lifecycle @~prestart: CWD: /app
9 silly lifecycle @~prestart: Args: [ '-c', 'npm run build' ]
10 silly lifecycle @~prestart: Returned: code: 0  signal: null
11 info lifecycle @~start: @
12 verbose lifecycle @~start: unsafe-perm in lifecycle true
13 verbose lifecycle @~start: PATH: /usr/share/npm/bin/node-gyp-bin:/app/node_modules/.bin:/usr/local/sbin:/usr/local/bin:/usr/sbin:/usr/bin:/sbin:/bin
14 verbose lifecycle @~start: CWD: /app
15 silly lifecycle @~start: Args: [ '-c', 'nodejs .' ]
16 silly lifecycle @~start: Returned: code: 1  signal: null
17 info lifecycle @~start: Failed to exec start script
18 verbose stack Error: @ start: `nodejs .`
18 verbose stack Exit status 1
18 verbose stack     at EventEmitter.<anonymous> (/usr/share/npm/lib/utils/lifecycle.js:232:16)
18 verbose stack     at emitTwo (events.js:126:13)
18 verbose stack     at EventEmitter.emit (events.js:214:7)
18 verbose stack     at ChildProcess.<anonymous> (/usr/share/npm/lib/utils/spawn.js:24:14)
18 verbose stack     at emitTwo (events.js:126:13)
18 verbose stack     at ChildProcess.emit (events.js:214:7)
18 verbose stack     at maybeClose (internal/child_process.js:925:16)
18 verbose stack     at Process.ChildProcess._handle.onexit (internal/child_process.js:209:5)
19 verbose pkgid @
20 verbose cwd /app/src
21 error Linux 3.10.0-1062.18.1.el7.x86_64
22 error argv "/usr/bin/node" "/usr/bin/npm" "run" "start"
23 error node v8.10.0
24 error npm  v3.5.2
25 error code ELIFECYCLE
26 error @ start: `nodejs .`
26 error Exit status 1
27 error Failed at the @ start script 'nodejs .'.
27 error Make sure you have the latest version of node.js and npm installed.
27 error If you do, this is most likely a problem with the  package,
27 error not with npm itself.
27 error Tell the author that this fails on your system:
27 error     nodejs .
27 error You can get information on how to open an issue for this project with:
27 error     npm bugs
27 error Or if that isn't available, you can get their info via:
27 error     npm owner ls
27 error There is likely additional logging output above.
28 verbose exit [ 1, true ]
